0 info it worked if it ends with ok
1 verbose cli [ 'c:\\Program Files\\nodejs\\node.exe',
1 verbose cli   'C:\\Users\\jlorenzo\\AppData\\Roaming\\npm\\node_modules\\npm\\bin\\npm-cli.js',
1 verbose cli   'i',
1 verbose cli   '-g',
1 verbose cli   'bower' ]
2 info using npm@2.15.5
3 info using node@v4.4.7
4 verbose install initial load of C:\Users\jlorenzo\AppData\Roaming\npm\package.json
5 verbose readDependencies loading dependencies from C:\Users\jlorenzo\AppData\Roaming\npm\package.json
6 silly cache add args [ 'bower', null ]
7 verbose cache add spec bower
8 silly cache add parsed spec Result {
8 silly cache add   raw: 'bower',
8 silly cache add   scope: null,
8 silly cache add   name: null,
8 silly cache add   rawSpec: 'bower',
8 silly cache add   spec: 'C:\\Users\\jlorenzo\\AppData\\Roaming\\npm\\bower',
8 silly cache add   type: 'local' }
9 silly addLocalTarball shasum (computed) 4fc15360cf9d6175c07de904d51d662d3011f652
10 verbose addTmpTarball C:\Users\jlorenzo\AppData\Roaming\npm\bower not in flight; adding
11 verbose correctMkdir C:\Users\jlorenzo\AppData\Roaming\npm-cache correctMkdir not in flight; initializing
12 verbose addTmpTarball validating metadata from C:\Users\jlorenzo\AppData\Roaming\npm\bower
13 verbose tar unpack C:\Users\jlorenzo\AppData\Roaming\npm\bower
14 verbose tar unpacking to C:\Users\jlorenzo\AppData\Local\Temp\npm-18760-86bb0d34\unpack-a431b413eaca
15 silly gentlyRm C:\Users\jlorenzo\AppData\Local\Temp\npm-18760-86bb0d34\unpack-a431b413eaca is being purged
16 verbose gentlyRm don't care about contents; nuking C:\Users\jlorenzo\AppData\Local\Temp\npm-18760-86bb0d34\unpack-a431b413eaca
17 silly gunzTarPerm modes [ '777', '666' ]
18 error not a package C:\Users\jlorenzo\AppData\Roaming\npm\bower
19 error addLocal Could not install C:\Users\jlorenzo\AppData\Roaming\npm\bower
20 verbose stack Error: ENOENT: no such file or directory, open 'C:\Users\jlorenzo\AppData\Local\Temp\npm-18760-86bb0d34\unpack-a431b413eaca\package.json'
20 verbose stack     at Error (native)
21 verbose cwd c:\Users\jlorenzo\Documents\landing-upp
22 error Windows_NT 6.1.7601
23 error argv "c:\\Program Files\\nodejs\\node.exe" "C:\\Users\\jlorenzo\\AppData\\Roaming\\npm\\node_modules\\npm\\bin\\npm-cli.js" "i" "-g" "bower"
24 error node v4.4.7
25 error npm  v2.15.5
26 error path C:\Users\jlorenzo\AppData\Local\Temp\npm-18760-86bb0d34\unpack-a431b413eaca\package.json
27 error code ENOENT
28 error errno -4058
29 error syscall open
30 error enoent ENOENT: no such file or directory, open 'C:\Users\jlorenzo\AppData\Local\Temp\npm-18760-86bb0d34\unpack-a431b413eaca\package.json'
30 error enoent This is most likely not a problem with npm itself
30 error enoent and is related to npm not being able to find a file.
31 verbose exit [ -4058, true ]
